2025-11-23 17:19:26,162 - __main__ - INFO - INICIANDO SISTEMA ETL CON PROCEDIMIENTOS ALMACENADOS
2025-11-23 17:19:26,311 - mysql.connector - INFO - package: mysql.connector.plugins
2025-11-23 17:19:26,311 - mysql.connector - INFO - plugin_name: caching_sha2_password
2025-11-23 17:19:26,312 - mysql.connector - INFO - AUTHENTICATION_PLUGIN_CLASS: MySQLCachingSHA2PasswordAuthPlugin
2025-11-23 17:19:26,314 - etl_procedures.extract - INFO - [OK] Conexion establecida para EXTRACCION
2025-11-23 17:19:26,315 - etl_procedures.extract - INFO - [*] Conexion cerrada
2025-11-23 17:19:26,543 - etl_procedures.load - INFO - [OK] Conexiones establecidas para CARGA
2025-11-23 17:19:26,544 - etl_procedures.load - INFO - [*] Conexiones cerradas
2025-11-23 17:19:26,635 - etl_procedures.extract - INFO - [OK] Conexion establecida para EXTRACCION
2025-11-23 17:19:26,636 - etl_procedures.extract - INFO - [+] INICIANDO FASE DE EXTRACCION
2025-11-23 17:19:26,714 - etl_procedures.extract - INFO - [*] sp_etl_extract_proyectos: 0 registros extraidos
2025-11-23 17:19:26,758 - etl_procedures.extract - INFO - [*] sp_etl_extract_clientes: 0 registros extraidos
2025-11-23 17:19:26,839 - etl_procedures.extract - INFO - [*] sp_etl_extract_empleados: 0 registros extraidos
2025-11-23 17:19:26,879 - etl_procedures.extract - INFO - [*] sp_etl_extract_contratos: 0 registros extraidos
2025-11-23 17:19:27,017 - etl_procedures.extract - INFO - [*] sp_etl_extract_asignaciones: 0 registros extraidos
2025-11-23 17:19:27,096 - etl_procedures.extract - INFO - [*] sp_etl_extract_hitos: 0 registros extraidos
2025-11-23 17:19:27,289 - etl_procedures.extract - INFO - [*] sp_etl_extract_tareas: 0 registros extraidos
2025-11-23 17:19:27,438 - etl_procedures.extract - INFO - [*] sp_etl_extract_gastos: 0 registros extraidos
2025-11-23 17:19:27,583 - etl_procedures.extract - INFO - [*] sp_etl_extract_pruebas: 0 registros extraidos
2025-11-23 17:19:27,583 - etl_procedures.extract - INFO - [OK] EXTRACCION COMPLETADA: 0 registros totales
2025-11-23 17:19:27,584 - etl_procedures.extract - INFO - [*] Conexion cerrada
2025-11-23 17:19:27,587 - __main__ - INFO - [OK] EXTRACCION COMPLETADA: 0 registros
2025-11-23 17:19:27,681 - etl_procedures.transform - INFO - [OK] Conexion establecida para TRANSFORMACION
2025-11-23 17:19:27,681 - etl_procedures.transform - INFO - [+] INICIANDO TRANSFORMACION DE DIMENSIONES
2025-11-23 17:19:27,745 - etl_procedures.transform - INFO - [*] sp_etl_transform_dim_proyectos: 0 registros procesados
2025-11-23 17:19:27,861 - etl_procedures.transform - INFO - [*] sp_etl_transform_dim_tiempo: 0 registros procesados
2025-11-23 17:19:28,008 - etl_procedures.transform - INFO - [*] sp_etl_transform_dim_clientes: 0 registros procesados
2025-11-23 17:19:28,075 - etl_procedures.transform - INFO - [*] sp_etl_transform_dim_empleados: 0 registros procesados
2025-11-23 17:19:28,217 - etl_procedures.transform - INFO - [*] sp_etl_transform_dim_gastos: 0 registros procesados
2025-11-23 17:19:28,350 - etl_procedures.transform - INFO - [*] sp_etl_transform_dim_hitos: 0 registros procesados
2025-11-23 17:19:28,479 - etl_procedures.transform - INFO - [*] sp_etl_transform_dim_tareas: 0 registros procesados
2025-11-23 17:19:28,578 - etl_procedures.transform - INFO - [*] sp_etl_transform_dim_pruebas: 0 registros procesados
2025-11-23 17:19:28,578 - etl_procedures.transform - INFO - [OK] DIMENSIONES TRANSFORMADAS: 0 registros totales
2025-11-23 17:19:28,579 - etl_procedures.transform - INFO - [+] INICIANDO TRANSFORMACION DE HECHOS
2025-11-23 17:19:28,596 - etl_procedures.transform - ERROR - [ERROR] Error en sp_etl_transform_hechos_proyectos: 1054 (42S22): Unknown column 'dt_inicio.dim_tiempo_id' in 'field list'
2025-11-23 17:19:28,597 - etl_procedures.transform - ERROR - [FAIL] ERROR EN TRANSFORMACION HECHOS: 1054 (42S22): Unknown column 'dt_inicio.dim_tiempo_id' in 'field list'
2025-11-23 17:19:28,599 - etl_procedures.transform - ERROR - [FAIL] ERROR EN TRANSFORMACION: 1054 (42S22): Unknown column 'dt_inicio.dim_tiempo_id' in 'field list'
2025-11-23 17:19:28,599 - etl_procedures.transform - INFO - [*] Conexion cerrada
2025-11-23 17:19:28,600 - __main__ - ERROR - [FAIL] ERROR EN TRANSFORMACION: 1054 (42S22): Unknown column 'dt_inicio.dim_tiempo_id' in 'field list'
2025-11-23 17:19:28,600 - __main__ - ERROR - [FAIL] Pipeline fallido: 1054 (42S22): Unknown column 'dt_inicio.dim_tiempo_id' in 'field list'
