2025-11-23 17:14:45,189 - __main__ - INFO - INICIANDO SISTEMA ETL CON PROCEDIMIENTOS ALMACENADOS
2025-11-23 17:14:45,380 - mysql.connector - INFO - package: mysql.connector.plugins
2025-11-23 17:14:45,381 - mysql.connector - INFO - plugin_name: caching_sha2_password
2025-11-23 17:14:45,381 - mysql.connector - INFO - AUTHENTICATION_PLUGIN_CLASS: MySQLCachingSHA2PasswordAuthPlugin
2025-11-23 17:14:45,384 - etl_procedures.extract - INFO - [OK] Conexion establecida para EXTRACCION
2025-11-23 17:14:45,384 - etl_procedures.extract - INFO - [*] Conexion cerrada
2025-11-23 17:14:45,602 - etl_procedures.load - INFO - [OK] Conexiones establecidas para CARGA
2025-11-23 17:14:45,603 - etl_procedures.load - INFO - [*] Conexiones cerradas
2025-11-23 17:14:45,703 - etl_procedures.extract - INFO - [OK] Conexion establecida para EXTRACCION
2025-11-23 17:14:45,703 - etl_procedures.extract - INFO - [+] INICIANDO FASE DE EXTRACCION
2025-11-23 17:14:45,783 - etl_procedures.extract - INFO - [*] sp_etl_extract_proyectos: 0 registros extraidos
2025-11-23 17:14:45,835 - etl_procedures.extract - INFO - [*] sp_etl_extract_clientes: 0 registros extraidos
2025-11-23 17:14:45,985 - etl_procedures.extract - INFO - [*] sp_etl_extract_empleados: 0 registros extraidos
2025-11-23 17:14:46,024 - etl_procedures.extract - INFO - [*] sp_etl_extract_contratos: 0 registros extraidos
2025-11-23 17:14:46,182 - etl_procedures.extract - INFO - [*] sp_etl_extract_asignaciones: 0 registros extraidos
2025-11-23 17:14:46,257 - etl_procedures.extract - INFO - [*] sp_etl_extract_hitos: 0 registros extraidos
2025-11-23 17:14:46,442 - etl_procedures.extract - INFO - [*] sp_etl_extract_tareas: 0 registros extraidos
2025-11-23 17:14:46,608 - etl_procedures.extract - INFO - [*] sp_etl_extract_gastos: 0 registros extraidos
2025-11-23 17:14:46,764 - etl_procedures.extract - INFO - [*] sp_etl_extract_pruebas: 0 registros extraidos
2025-11-23 17:14:46,765 - etl_procedures.extract - INFO - [OK] EXTRACCION COMPLETADA: 0 registros totales
2025-11-23 17:14:46,765 - etl_procedures.extract - INFO - [*] Conexion cerrada
2025-11-23 17:14:46,768 - __main__ - INFO - [OK] EXTRACCION COMPLETADA: 0 registros
2025-11-23 17:14:46,865 - etl_procedures.transform - INFO - [OK] Conexion establecida para TRANSFORMACION
2025-11-23 17:14:46,865 - etl_procedures.transform - INFO - [+] INICIANDO TRANSFORMACION DE DIMENSIONES
2025-11-23 17:14:46,915 - etl_procedures.transform - INFO - [*] sp_etl_transform_dim_proyectos: 0 registros procesados
2025-11-23 17:14:47,043 - etl_procedures.transform - INFO - [*] sp_etl_transform_dim_tiempo: 0 registros procesados
2025-11-23 17:14:47,075 - etl_procedures.transform - INFO - [*] sp_etl_transform_dim_clientes: 0 registros procesados
2025-11-23 17:14:47,127 - etl_procedures.transform - INFO - [*] sp_etl_transform_dim_empleados: 0 registros procesados
2025-11-23 17:14:47,249 - etl_procedures.transform - INFO - [*] sp_etl_transform_dim_gastos: 0 registros procesados
2025-11-23 17:14:47,335 - etl_procedures.transform - INFO - [*] sp_etl_transform_dim_hitos: 0 registros procesados
2025-11-23 17:14:47,484 - etl_procedures.transform - INFO - [*] sp_etl_transform_dim_tareas: 0 registros procesados
2025-11-23 17:14:47,578 - etl_procedures.transform - INFO - [*] sp_etl_transform_dim_pruebas: 0 registros procesados
2025-11-23 17:14:47,579 - etl_procedures.transform - INFO - [OK] DIMENSIONES TRANSFORMADAS: 0 registros totales
2025-11-23 17:14:47,579 - etl_procedures.transform - INFO - [+] INICIANDO TRANSFORMACION DE HECHOS
2025-11-23 17:15:17,894 - etl_procedures.transform - INFO - [*] sp_etl_transform_hechos_proyectos: 0 registros procesados
2025-11-23 17:15:18,026 - etl_procedures.transform - INFO - [*] sp_etl_transform_hechos_asignaciones: 0 registros procesados
2025-11-23 17:15:18,027 - etl_procedures.transform - INFO - [OK] HECHOS TRANSFORMADOS: 0 registros totales
2025-11-23 17:15:18,027 - etl_procedures.transform - INFO - [OK] TRANSFORMACION COMPLETA FINALIZADA
2025-11-23 17:15:18,027 - etl_procedures.transform - INFO - [*] Conexion cerrada
2025-11-23 17:15:18,029 - __main__ - INFO - [OK] TRANSFORMACION COMPLETADA: 0 registros
2025-11-23 17:15:18,206 - etl_procedures.load - INFO - [OK] Conexiones establecidas para CARGA
2025-11-23 17:15:18,207 - etl_procedures.load - INFO - [+] INICIANDO CARGA DE DIMENSIONES
2025-11-23 17:15:18,344 - etl_procedures.load - ERROR - [ERROR] Error transfiriendo temp_dim_tiempo -> dim_tiempo: 1054 (42S22): Unknown column 'dim_tiempo_id' in 'field list'
2025-11-23 17:15:18,345 - etl_procedures.load - ERROR - [FAIL] ERROR CARGANDO DIMENSIONES: 1054 (42S22): Unknown column 'dim_tiempo_id' in 'field list'
2025-11-23 17:15:18,346 - etl_procedures.load - ERROR - [FAIL] ERROR EN CARGA: 1054 (42S22): Unknown column 'dim_tiempo_id' in 'field list'
2025-11-23 17:15:18,346 - etl_procedures.load - INFO - [*] Conexiones cerradas
2025-11-23 17:15:18,346 - __main__ - ERROR - [FAIL] ERROR EN CARGA: 1054 (42S22): Unknown column 'dim_tiempo_id' in 'field list'
2025-11-23 17:15:18,347 - __main__ - ERROR - [FAIL] Pipeline fallido: 1054 (42S22): Unknown column 'dim_tiempo_id' in 'field list'
